SF:lib\app\l10n\l10n.dart
DA:7,2
LF:1
LH:1
end_of_record
SF:lib\feature\auth\login\view\login_page.dart
DA:19,3
DA:21,1
DA:23,1
DA:24,2
DA:31,3
DA:33,1
DA:35,1
DA:36,2
DA:37,1
DA:38,1
DA:39,1
DA:40,1
DA:41,1
DA:42,0
DA:43,0
DA:44,0
DA:46,0
DA:49,0
DA:53,0
DA:54,2
DA:55,0
DA:56,1
DA:63,0
DA:64,0
DA:65,0
DA:66,0
DA:67,0
DA:68,0
DA:69,0
DA:70,0
DA:79,0
DA:80,0
DA:81,0
DA:82,0
DA:83,0
DA:84,0
DA:86,0
DA:87,0
DA:96,0
DA:98,0
DA:99,0
DA:100,0
DA:101,0
DA:102,0
DA:117,0
DA:118,0
DA:120,0
DA:121,0
DA:122,0
DA:123,0
DA:124,0
DA:125,0
DA:129,0
LF:53
LH:15
end_of_record
SF:lib\feature\home\view\home_view.dart
DA:7,0
DA:9,0
DA:11,0
DA:12,0
DA:13,0
DA:14,0
LF:6
LH:0
end_of_record
SF:lib\feature\splash\view\splash_page.dart
DA:12,3
DA:14,1
DA:16,1
DA:17,3
DA:24,2
DA:26,1
DA:28,1
DA:29,0
DA:30,0
DA:31,0
DA:32,0
DA:33,0
DA:34,0
DA:37,1
DA:38,0
DA:39,1
DA:40,0
DA:41,0
DA:44,0
DA:45,0
LF:20
LH:9
end_of_record
SF:lib\feature\tasks\view\task_item.dart
DA:4,0
DA:8,0
DA:10,0
DA:11,0
DA:12,0
DA:13,0
DA:14,0
DA:15,0
DA:16,0
DA:18,0
DA:20,0
DA:21,0
DA:22,0
DA:24,0
DA:25,0
DA:26,0
DA:28,0
DA:29,0
DA:31,0
DA:32,0
DA:33,0
DA:35,0
DA:36,0
DA:38,0
DA:39,0
DA:40,0
LF:26
LH:0
end_of_record
SF:lib\feature\tasks\view\tasks_page.dart
DA:17,2
DA:19,0
DA:21,0
DA:22,0
DA:23,0
DA:29,0
DA:31,0
DA:32,0
DA:39,0
DA:41,0
DA:42,0
DA:43,0
DA:44,0
DA:46,0
DA:50,0
DA:51,0
DA:52,0
DA:53,0
DA:55,0
DA:56,0
DA:57,0
DA:58,0
DA:68,0
DA:69,0
DA:70,0
DA:71,0
DA:72,0
DA:74,0
DA:76,0
DA:77,0
LF:30
LH:1
end_of_record
SF:lib\core\extensions\context_extensions.dart
DA:4,0
DA:7,0
DA:10,0
DA:13,0
DA:16,0
DA:19,0
DA:22,0
DA:25,0
DA:28,0
DA:31,0
DA:34,0
DA:36,0
DA:37,0
DA:42,0
DA:46,0
DA:49,0
DA:52,0
DA:56,0
DA:59,0
DA:62,0
DA:66,0
DA:69,0
DA:72,0
DA:76,0
DA:79,0
DA:82,0
DA:86,0
DA:89,0
DA:92,0
DA:96,0
DA:99,0
DA:102,0
DA:106,0
DA:109,0
DA:114,0
DA:117,0
DA:120,0
LF:37
LH:0
end_of_record
SF:lib\core\extensions\string_extensions.dart
DA:8,0
DA:9,0
DA:10,0
DA:11,0
DA:12,0
LF:5
LH:0
end_of_record
SF:lib\core\modules\task_master_repo\lib\src\network\network_client.dart
DA:23,0
DA:29,0
DA:30,0
DA:31,0
DA:32,0
DA:34,0
DA:35,0
DA:36,0
DA:37,0
DA:52,0
DA:58,0
DA:69,0
DA:77,0
DA:90,0
DA:98,0
DA:111,0
DA:117,0
DA:128,0
DA:136,0
DA:148,0
DA:158,0
DA:173,0
DA:174,0
DA:175,0
DA:177,0
DA:178,0
DA:182,0
DA:183,0
DA:188,0
DA:189,0
DA:190,0
DA:192,0
DA:197,0
DA:202,0
DA:205,0
DA:206,0
DA:207,0
DA:208,0
DA:209,0
DA:210,0
DA:211,0
DA:213,0
DA:215,0
DA:217,0
DA:218,0
DA:220,0
DA:221,0
DA:224,0
DA:225,0
DA:226,0
DA:227,0
DA:229,0
DA:231,0
DA:232,0
DA:233,0
DA:237,0
DA:240,0
DA:241,0
DA:243,0
DA:244,0
DA:246,0
DA:247,0
DA:248,0
DA:249,0
DA:250,0
DA:251,0
DA:252,0
DA:253,0
DA:254,0
DA:255,0
DA:257,0
LF:71
LH:0
end_of_record
SF:lib\core\modules\task_master_repo\lib\src\task_master_repo.dart
DA:15,0
DA:20,0
DA:22,0
LF:3
LH:0
end_of_record
SF:lib\core\modules\task_master_ui\lib\src\task_master_ui.dart
DA:10,0
LF:1
LH:0
end_of_record
SF:lib\core\modules\task_master_ui\lib\src\buttons\primary_button.dart
DA:11,0
DA:31,0
DA:33,0
DA:34,0
DA:35,0
DA:36,0
DA:37,0
DA:39,0
DA:41,0
DA:43,0
LF:10
LH:0
end_of_record
SF:lib\core\modules\task_master_ui\lib\src\utils\toast.dart
DA:7,0
DA:8,0
DA:9,0
DA:10,0
DA:17,0
DA:18,0
DA:19,0
DA:20,0
LF:8
LH:0
end_of_record
SF:lib\feature\app_state\cubit\app_state_cubit.dart
DA:11,0
DA:14,0
DA:15,0
DA:18,0
DA:19,0
DA:25,0
DA:26,0
DA:29,0
LF:8
LH:0
end_of_record
SF:lib\feature\app_state\cubit\app_state_state.dart
DA:6,0
DA:10,2
DA:14,0
DA:15,0
DA:16,0
DA:20,0
DA:21,0
DA:22,0
LF:8
LH:1
end_of_record
SF:lib\locator.dart
DA:14,0
DA:17,0
DA:20,0
DA:23,0
DA:26,0
DA:28,0
DA:29,0
DA:31,0
DA:33,0
DA:34,0
DA:36,0
DA:37,0
DA:41,0
LF:13
LH:0
end_of_record
SF:lib\feature\auth\login\cubit\login_state.dart
DA:6,2
DA:12,2
DA:17,0
DA:25,1
DA:26,1
DA:27,1
DA:28,1
DA:29,1
DA:32,0
DA:37,0
DA:38,0
DA:39,0
LF:12
LH:7
end_of_record
SF:lib\feature\auth\login\cubit\login_cubit.dart
DA:11,6
DA:15,1
DA:16,2
DA:17,0
DA:18,0
DA:22,0
DA:23,0
DA:24,0
DA:25,0
DA:30,0
DA:31,0
DA:32,0
DA:34,0
DA:38,0
DA:39,0
DA:41,0
LF:16
LH:3
end_of_record
SF:lib\feature\splash\cubit\splash_state.dart
DA:10,0
DA:12,2
DA:13,2
DA:15,2
DA:19,0
DA:20,0
DA:21,0
LF:7
LH:3
end_of_record
SF:lib\feature\splash\cubit\splash_cubit.dart
DA:8,2
DA:10,1
DA:11,1
DA:15,0
DA:16,0
DA:18,0
DA:22,0
LF:7
LH:3
end_of_record
SF:lib\feature\tasks\bloc\tasks_event.dart
DA:4,0
DA:8,0
DA:9,0
LF:3
LH:0
end_of_record
SF:lib\feature\tasks\bloc\tasks_state.dart
DA:5,0
DA:10,0
DA:16,0
DA:19,0
DA:21,0
DA:25,0
DA:26,0
DA:30,0
DA:31,0
DA:36,0
DA:39,0
DA:40,0
LF:12
LH:0
end_of_record
SF:lib\feature\tasks\bloc\tasks_bloc.dart
DA:11,0
DA:12,0
DA:14,0
DA:15,0
DA:16,0
DA:17,0
DA:18,0
DA:19,0
DA:20,0
DA:24,0
DA:25,0
DA:26,0
DA:30,0
DA:31,0
DA:36,0
DA:37,0
LF:16
LH:0
end_of_record
